
SQL*Loader: Release 21.0.0.0.0 - Production on Ven. Déc. 30 04:50:50 2022
Version 21.3.0.0.0

Copyright (c) 1982, 2021, Oracle and/or its affiliates.  All rights reserved.

Fichier de contrôle :   load_drivers.ctl
Fichier de données :      C:\Users\rayan\Desktop\ESILV\A4\Software_Engineering\BDD\drivers_clean.csv
  Fichier des enregistrements refusés :     drivers_clean.bad
  Fichier de rebut :  aucune spécification

 (Allouer tous les rebuts)

Nombre à charger : ALL
Nombre à ignorer : 0
Erreurs autorisés : 50
Tableau de variables :     250 lignes, maximum de 1048576 octets
Continuation :    aucune spécification
Chemin utilisé:      Classique

Table DRIVERS, chargé à partir de chaque enregistrement physique.
Option d'insertion en vigueur pour cette table : TRUNCATE
option TRAILING NULLCOLS effective

   Nom de colonne                  Position   Long  Type de données encadr.
------------------------------ ---------- ----- ---- ---- ---------------------
DRIVERID                            FIRST     *   ,       CHARACTER            
DRIVERREF                            NEXT     *   ,       CHARACTER            
FORENAME                             NEXT     *   ,       CHARACTER            
SURNAME                              NEXT     *   ,       CHARACTER            
DOB                                  NEXT     *   ,       CHARACTER            
    chaîne SQL pour la colonne : "to_timestamp(:dob, 'MM/DD/YYYY')"
NATIONALITY                          NEXT     *   ,       CHARACTER            
URL                                  NEXT     *   ,       CHARACTER            

Enregistrement 1 : Rejeté - Erreur sur table DRIVERS, colonne DRIVERID.
ORA-01722: Nombre non valide

Enregistrement 555 : Rejeté - Erreur sur table DRIVERS, colonne DOB.
ORA-01843: ce n'est pas un mois valide

Enregistrement 661 : Rejeté - Erreur sur table DRIVERS, colonne DOB.
ORA-01843: ce n'est pas un mois valide

Enregistrement 696 : Rejeté - Erreur sur table DRIVERS, colonne SURNAME.
ORA-12899: valeur trop grande pour la colonne "C##OTTO_INFO"."DRIVERS"."SURNAME" (réelle : 23, maximum : 20)

Enregistrement 698 : Rejeté - Erreur sur table DRIVERS, colonne DOB.
ORA-01843: ce n'est pas un mois valide

Enregistrement 707 : Rejeté - Erreur sur table DRIVERS, colonne DOB.
ORA-01843: ce n'est pas un mois valide

Enregistrement 717 : Rejeté - Erreur sur table DRIVERS, colonne DOB.
ORA-01843: ce n'est pas un mois valide

Enregistrement 742 : Rejeté - Erreur sur table DRIVERS, colonne DOB.
ORA-01843: ce n'est pas un mois valide

Enregistrement 746 : Rejeté - Erreur sur table DRIVERS, colonne DOB.
ORA-01843: ce n'est pas un mois valide


Table DRIVERS :
  Chargement de 791 Lignes effectué.
  9 Lignes : chargement impossible dû à des erreurs de données.
  0 Lignes : chargement impossible car échec de toutes les clauses WHEN.
  0 Lignes : chargement impossible car tous les champs étaient non renseignés.


Espace affecté au tableau de variables :                 451500 octets(250 lignes)
Octets de tampon de lecture : 1048576

Nombre total d'enregistrements logiques ignorés :          0
Nombre total d'enregistrements logiques lus :           800
Nombre total d'enregistrements logiques rejetés :         9
Nombre total d'enregistrements logiques mis au rebut :        0

Le début de l'exécution a été effectué sur Ven. Déc.  30 04:50:50 2022
La fin de l'exécution a été effectuée sur Ven. Déc.  30 04:50:57 2022

Temps écoulé (ELAPSED) :     00:00:07.92
Temps processeur (CPU) :    00:00:00.12
